# JRE version: OpenJDK Runtime Environment (10.0.1+10) (build 10.0.1+10-Ubuntu-3ubuntu1)
# Java VM: OpenJDK 64-Bit Server VM (10.0.1+10-Ubuntu-3ubuntu1, mixed mode, tiered, compressed oops, g1 gc, linux-amd64)
Heap:
 garbage-first heap   total 55296K, used 14412K [0x00000000d1000000, 0x0000000100000000)
  region size 1024K, 1 young (1024K), 1 survivors (1024K)
 Metaspace       used 8167K, capacity 8280K, committed 8448K, reserved 1056768K
  class space    used 687K, capacity 753K, committed 768K, reserved 1048576K
GC Heap History (10 events):
Event: 1,273 GC heap after
{Heap after GC invocations=6 (full 4):
 garbage-first heap   total 27648K, used 14337K [0x00000000d1000000, 0x0000000100000000)
  region size 1024K, 0 young (0K), 0 survivors (0K)
 Metaspace       used 7738K, capacity 7837K, committed 7936K, reserved 1056768K
  class space    used 661K, capacity 714K, committed 768K, reserved 1048576K
}
Event: 7,123 GC heap before
{Heap before GC invocations=6 (full 4):
 garbage-first heap   total 27648K, used 18433K [0x00000000d1000000, 0x0000000100000000)
  region size 1024K, 4 young (4096K), 0 survivors (0K)
 Metaspace       used 8089K, capacity 8213K, committed 8448K, reserved 1056768K
  class space    used 687K, capacity 753K, committed 768K, reserved 1048576K
}
Event: 7,163 GC heap after
{Heap after GC invocations=7 (full 4):
 garbage-first heap   total 27648K, used 14393K [0x00000000d1000000, 0x0000000100000000)
  region size 1024K, 1 young (1024K), 1 survivors (1024K)
 Metaspace       used 8089K, capacity 8213K, committed 8448K, reserved 1056768K
  class space    used 687K, capacity 753K, committed 768K, reserved 1048576K
}
Event: 8,217 GC heap before
{Heap before GC invocations=7 (full 4):
 garbage-first heap   total 27648K, used 21561K [0x00000000d1000000, 0x0000000100000000)
  region size 1024K, 8 young (8192K), 1 survivors (1024K)
 Metaspace       used 8089K, capacity 8213K, committed 8448K, reserved 1056768K
  class space    used 687K, capacity 753K, committed 768K, reserved 1048576K
}
Event: 8,279 GC heap after
{Heap after GC invocations=8 (full 4):
 garbage-first heap   total 27648K, used 14394K [0x00000000d1000000, 0x0000000100000000)
  region size 1024K, 1 young (1024K), 1 survivors (1024K)
 Metaspace       used 8089K, capacity 8213K, committed 8448K, reserved 1056768K
  class space    used 687K, capacity 753K, committed 768K, reserved 1048576K
}
Event: 10,401 GC heap before
{Heap before GC invocations=9 (full 4):
 garbage-first heap   total 27648K, used 21562K [0x00000000d1000000, 0x0000000100000000)
  region size 1024K, 8 young (8192K), 1 survivors (1024K)
 Metaspace       used 8140K, capacity 8277K, committed 8448K, reserved 1056768K
  class space    used 687K, capacity 753K, committed 768K, reserved 1048576K
}
Event: 10,478 GC heap after
{Heap after GC invocations=10 (full 4):
 garbage-first heap   total 27648K, used 14397K [0x00000000d1000000, 0x0000000100000000)
  region size 1024K, 1 young (1024K), 1 survivors (1024K)
 Metaspace       used 8140K, capacity 8277K, committed 8448K, reserved 1056768K
  class space    used 687K, capacity 753K, committed 768K, reserved 1048576K
}
Event: 11,516 GC heap before
{Heap before GC invocations=10 (full 4):
 garbage-first heap   total 27648K, used 21565K [0x00000000d1000000, 0x0000000100000000)
  region size 1024K, 8 young (8192K), 1 survivors (1024K)
 Metaspace       used 8165K, capacity 8280K, committed 8448K, reserved 1056768K
  class space    used 687K, capacity 753K, committed 768K, reserved 1048576K
}
Event: 12,021 GC heap after
{Heap after GC invocations=11 (full 4):
 garbage-first heap   total 27648K, used 14531K [0x00000000d1000000, 0x0000000100000000)
  region size 1024K, 1 young (1024K), 1 survivors (1024K)
 Metaspace       used 8165K, capacity 8280K, committed 8448K, reserved 1056768K
  class space    used 687K, capacity 753K, committed 768K, reserved 1048576K
}
Event: 13,293 GC heap before
{Heap before GC invocations=12 (full 4):
 garbage-first heap   total 27648K, used 21699K [0x00000000d1000000, 0x0000000100000000)
  region size 1024K, 8 young (8192K), 1 survivors (1024K)
 Metaspace       used 8167K, capacity 8280K, committed 8448K, reserved 1056768K
  class space    used 687K, capacity 753K, committed 768K, reserved 1048576K
}

