# JRE version: OpenJDK Runtime Environment (10.0.1+10) (build 10.0.1+10-Ubuntu-3ubuntu1)
# Java VM: OpenJDK 64-Bit Server VM (10.0.1+10-Ubuntu-3ubuntu1, mixed mode, tiered, compressed oops, g1 gc, linux-amd64)
Heap:
 garbage-first heap   total 162816K, used 10962K [0x00000000d1000000, 0x0000000100000000)
  region size 1024K, 1 young (1024K), 1 survivors (1024K)
 Metaspace       used 8988K, capacity 9116K, committed 9344K, reserved 1058816K
  class space    used 745K, capacity 798K, committed 896K, reserved 1048576K
GC Heap History (10 events):
Event: 53,270 GC heap after
{Heap after GC invocations=158 (full 20):
 garbage-first heap   total 54272K, used 10695K [0x00000000d1000000, 0x0000000100000000)
  region size 1024K, 2 young (2048K), 2 survivors (2048K)
 Metaspace       used 8982K, capacity 9116K, committed 9344K, reserved 1058816K
  class space    used 745K, capacity 798K, committed 896K, reserved 1048576K
}
Event: 54,276 GC heap before
{Heap before GC invocations=158 (full 20):
 garbage-first heap   total 54272K, used 37319K [0x00000000d1000000, 0x0000000100000000)
  region size 1024K, 28 young (28672K), 2 survivors (2048K)
 Metaspace       used 8982K, capacity 9116K, committed 9344K, reserved 1058816K
  class space    used 745K, capacity 798K, committed 896K, reserved 1048576K
}
Event: 54,284 GC heap after
{Heap after GC invocations=159 (full 20):
 garbage-first heap   total 54272K, used 10707K [0x00000000d1000000, 0x0000000100000000)
  region size 1024K, 2 young (2048K), 2 survivors (2048K)
 Metaspace       used 8982K, capacity 9116K, committed 9344K, reserved 1058816K
  class space    used 745K, capacity 798K, committed 896K, reserved 1048576K
}
Event: 56,927 GC heap before
{Heap before GC invocations=159 (full 20):
 garbage-first heap   total 54272K, used 38355K [0x00000000d1000000, 0x0000000100000000)
  region size 1024K, 29 young (29696K), 2 survivors (2048K)
 Metaspace       used 8988K, capacity 9116K, committed 9344K, reserved 1058816K
  class space    used 745K, capacity 798K, committed 896K, reserved 1048576K
}
Event: 58,666 GC heap after
{Heap after GC invocations=160 (full 20):
 garbage-first heap   total 54272K, used 10965K [0x00000000d1000000, 0x0000000100000000)
  region size 1024K, 2 young (2048K), 2 survivors (2048K)
 Metaspace       used 8988K, capacity 9116K, committed 9344K, reserved 1058816K
  class space    used 745K, capacity 798K, committed 896K, reserved 1048576K
}
Event: 63,294 GC heap before
{Heap before GC invocations=160 (full 20):
 garbage-first heap   total 54272K, used 11989K [0x00000000d1000000, 0x0000000100000000)
  region size 1024K, 3 young (3072K), 2 survivors (2048K)
 Metaspace       used 8988K, capacity 9116K, committed 9344K, reserved 1058816K
  class space    used 745K, capacity 798K, committed 896K, reserved 1048576K
}
Event: 63,325 GC heap after
{Heap after GC invocations=161 (full 20):
 garbage-first heap   total 54272K, used 10916K [0x00000000d1000000, 0x0000000100000000)
  region size 1024K, 1 young (1024K), 1 survivors (1024K)
 Metaspace       used 8988K, capacity 9116K, committed 9344K, reserved 1058816K
  class space    used 745K, capacity 798K, committed 896K, reserved 1048576K
}
Event: 63,342 GC heap before
{Heap before GC invocations=161 (full 20):
 garbage-first heap   total 54272K, used 11940K [0x00000000d1000000, 0x0000000100000000)
  region size 1024K, 2 young (2048K), 1 survivors (1024K)
 Metaspace       used 8988K, capacity 9116K, committed 9344K, reserved 1058816K
  class space    used 745K, capacity 798K, committed 896K, reserved 1048576K
}
Event: 63,366 GC heap after
{Heap after GC invocations=162 (full 20):
 garbage-first heap   total 54272K, used 10971K [0x00000000d1000000, 0x0000000100000000)
  region size 1024K, 1 young (1024K), 1 survivors (1024K)
 Metaspace       used 8988K, capacity 9116K, committed 9344K, reserved 1058816K
  class space    used 745K, capacity 798K, committed 896K, reserved 1048576K
}
Event: 63,404 GC heap before
{Heap before GC invocations=162 (full 20):
 garbage-first heap   total 54272K, used 11995K [0x00000000d1000000, 0x0000000100000000)
  region size 1024K, 2 young (2048K), 1 survivors (1024K)
 Metaspace       used 8988K, capacity 9116K, committed 9344K, reserved 1058816K
  class space    used 745K, capacity 798K, committed 896K, reserved 1048576K
}

