# JRE version: OpenJDK Runtime Environment (10.0.1+10) (build 10.0.1+10-Ubuntu-3ubuntu1)
# Java VM: OpenJDK 64-Bit Server VM (10.0.1+10-Ubuntu-3ubuntu1, mixed mode, tiered, compressed oops, g1 gc, linux-amd64)
Heap:
 garbage-first heap   total 186368K, used 10312K [0x00000000d1000000, 0x0000000100000000)
  region size 1024K, 1 young (1024K), 1 survivors (1024K)
 Metaspace       used 8945K, capacity 9048K, committed 9344K, reserved 1058816K
  class space    used 745K, capacity 798K, committed 896K, reserved 1048576K
GC Heap History (10 events):
Event: 12,414 GC heap after
{Heap after GC invocations=161 (full 26):
 garbage-first heap   total 82944K, used 9493K [0x00000000d1000000, 0x0000000100000000)
  region size 1024K, 2 young (2048K), 2 survivors (2048K)
 Metaspace       used 8918K, capacity 9048K, committed 9344K, reserved 1058816K
  class space    used 745K, capacity 798K, committed 896K, reserved 1048576K
}
Event: 15,684 GC heap before
{Heap before GC invocations=161 (full 26):
 garbage-first heap   total 82944K, used 47381K [0x00000000d1000000, 0x0000000100000000)
  region size 1024K, 39 young (39936K), 2 survivors (2048K)
 Metaspace       used 8923K, capacity 9048K, committed 9344K, reserved 1058816K
  class space    used 745K, capacity 798K, committed 896K, reserved 1048576K
}
Event: 15,743 GC heap after
{Heap after GC invocations=162 (full 26):
 garbage-first heap   total 82944K, used 9642K [0x00000000d1000000, 0x0000000100000000)
  region size 1024K, 2 young (2048K), 2 survivors (2048K)
 Metaspace       used 8923K, capacity 9048K, committed 9344K, reserved 1058816K
  class space    used 745K, capacity 798K, committed 896K, reserved 1048576K
}
Event: 19,420 GC heap before
{Heap before GC invocations=162 (full 26):
 garbage-first heap   total 82944K, used 50602K [0x00000000d1000000, 0x0000000100000000)
  region size 1024K, 42 young (43008K), 2 survivors (2048K)
 Metaspace       used 8938K, capacity 9048K, committed 9344K, reserved 1058816K
  class space    used 745K, capacity 798K, committed 896K, reserved 1048576K
}
Event: 19,443 GC heap after
{Heap after GC invocations=163 (full 26):
 garbage-first heap   total 82944K, used 10126K [0x00000000d1000000, 0x0000000100000000)
  region size 1024K, 3 young (3072K), 3 survivors (3072K)
 Metaspace       used 8938K, capacity 9048K, committed 9344K, reserved 1058816K
  class space    used 745K, capacity 798K, committed 896K, reserved 1048576K
}
Event: 23,702 GC heap before
{Heap before GC invocations=163 (full 26):
 garbage-first heap   total 82944K, used 52110K [0x00000000d1000000, 0x0000000100000000)
  region size 1024K, 44 young (45056K), 3 survivors (3072K)
 Metaspace       used 8945K, capacity 9048K, committed 9344K, reserved 1058816K
  class space    used 745K, capacity 798K, committed 896K, reserved 1048576K
}
Event: 23,742 GC heap after
{Heap after GC invocations=164 (full 26):
 garbage-first heap   total 82944K, used 10708K [0x00000000d1000000, 0x0000000100000000)
  region size 1024K, 3 young (3072K), 3 survivors (3072K)
 Metaspace       used 8945K, capacity 9048K, committed 9344K, reserved 1058816K
  class space    used 745K, capacity 798K, committed 896K, reserved 1048576K
}
Event: 28,046 GC heap before
{Heap before GC invocations=164 (full 26):
 garbage-first heap   total 82944K, used 54740K [0x00000000d1000000, 0x0000000100000000)
  region size 1024K, 46 young (47104K), 3 survivors (3072K)
 Metaspace       used 8945K, capacity 9048K, committed 9344K, reserved 1058816K
  class space    used 745K, capacity 798K, committed 896K, reserved 1048576K
}
Event: 29,366 GC heap after
{Heap after GC invocations=165 (full 26):
 garbage-first heap   total 82944K, used 10353K [0x00000000d1000000, 0x0000000100000000)
  region size 1024K, 3 young (3072K), 3 survivors (3072K)
 Metaspace       used 8945K, capacity 9048K, committed 9344K, reserved 1058816K
  class space    used 745K, capacity 798K, committed 896K, reserved 1048576K
}
Event: 29,518 GC heap before
{Heap before GC invocations=165 (full 26):
 garbage-first heap   total 82944K, used 11377K [0x00000000d1000000, 0x0000000100000000)
  region size 1024K, 4 young (4096K), 3 survivors (3072K)
 Metaspace       used 8945K, capacity 9048K, committed 9344K, reserved 1058816K
  class space    used 745K, capacity 798K, committed 896K, reserved 1048576K
}

