# JRE version: OpenJDK Runtime Environment (10.0.1+10) (build 10.0.1+10-Ubuntu-3ubuntu1)
# Java VM: OpenJDK 64-Bit Server VM (10.0.1+10-Ubuntu-3ubuntu1, mixed mode, tiered, compressed oops, g1 gc, linux-amd64)
Heap:
 garbage-first heap   total 82944K, used 8258K [0x00000000d1000000, 0x0000000100000000)
  region size 1024K, 1 young (1024K), 1 survivors (1024K)
 Metaspace       used 8363K, capacity 8537K, committed 8704K, reserved 1056768K
  class space    used 690K, capacity 753K, committed 768K, reserved 1048576K
GC Heap History (10 events):
Event: 6,862 GC heap after
{Heap after GC invocations=49 (full 6):
 garbage-first heap   total 63488K, used 8029K [0x00000000d1000000, 0x0000000100000000)
  region size 1024K, 1 young (1024K), 1 survivors (1024K)
 Metaspace       used 8357K, capacity 8473K, committed 8704K, reserved 1056768K
  class space    used 690K, capacity 753K, committed 768K, reserved 1048576K
}
Event: 12,088 GC heap before
{Heap before GC invocations=49 (full 6):
 garbage-first heap   total 63488K, used 44893K [0x00000000d1000000, 0x0000000100000000)
  region size 1024K, 37 young (37888K), 1 survivors (1024K)
 Metaspace       used 8361K, capacity 8537K, committed 8704K, reserved 1056768K
  class space    used 690K, capacity 753K, committed 768K, reserved 1048576K
}
Event: 12,128 GC heap after
{Heap after GC invocations=50 (full 6):
 garbage-first heap   total 63488K, used 8037K [0x00000000d1000000, 0x0000000100000000)
  region size 1024K, 1 young (1024K), 1 survivors (1024K)
 Metaspace       used 8361K, capacity 8537K, committed 8704K, reserved 1056768K
  class space    used 690K, capacity 753K, committed 768K, reserved 1048576K
}
Event: 13,191 GC heap before
{Heap before GC invocations=50 (full 6):
 garbage-first heap   total 63488K, used 44901K [0x00000000d1000000, 0x0000000100000000)
  region size 1024K, 37 young (37888K), 1 survivors (1024K)
 Metaspace       used 8362K, capacity 8537K, committed 8704K, reserved 1056768K
  class space    used 690K, capacity 753K, committed 768K, reserved 1048576K
}
Event: 13,299 GC heap after
{Heap after GC invocations=51 (full 6):
 garbage-first heap   total 63488K, used 8037K [0x00000000d1000000, 0x0000000100000000)
  region size 1024K, 1 young (1024K), 1 survivors (1024K)
 Metaspace       used 8362K, capacity 8537K, committed 8704K, reserved 1056768K
  class space    used 690K, capacity 753K, committed 768K, reserved 1048576K
}
Event: 14,615 GC heap before
{Heap before GC invocations=51 (full 6):
 garbage-first heap   total 63488K, used 36709K [0x00000000d1000000, 0x0000000100000000)
  region size 1024K, 24 young (24576K), 1 survivors (1024K)
 Metaspace       used 8362K, capacity 8537K, committed 8704K, reserved 1056768K
  class space    used 690K, capacity 753K, committed 768K, reserved 1048576K
}
Event: 15,210 GC heap after
{Heap after GC invocations=52 (full 7):
 garbage-first heap   total 27648K, used 7819K [0x00000000d1000000, 0x0000000100000000)
  region size 1024K, 0 young (0K), 0 survivors (0K)
 Metaspace       used 8362K, capacity 8537K, committed 8704K, reserved 1056768K
  class space    used 690K, capacity 753K, committed 768K, reserved 1048576K
}
Event: 15,261 GC heap before
{Heap before GC invocations=52 (full 7):
 garbage-first heap   total 27648K, used 7819K [0x00000000d1000000, 0x0000000100000000)
  region size 1024K, 1 young (1024K), 0 survivors (0K)
 Metaspace       used 8362K, capacity 8537K, committed 8704K, reserved 1056768K
  class space    used 690K, capacity 753K, committed 768K, reserved 1048576K
}
Event: 15,290 GC heap after
{Heap after GC invocations=53 (full 8):
 garbage-first heap   total 27648K, used 8002K [0x00000000d1000000, 0x0000000100000000)
  region size 1024K, 0 young (0K), 0 survivors (0K)
 Metaspace       used 8362K, capacity 8537K, committed 8704K, reserved 1056768K
  class space    used 690K, capacity 753K, committed 768K, reserved 1048576K
}
Event: 15,368 GC heap before
{Heap before GC invocations=53 (full 8):
 garbage-first heap   total 27648K, used 23362K [0x00000000d1000000, 0x0000000100000000)
  region size 1024K, 15 young (15360K), 0 survivors (0K)
 Metaspace       used 8363K, capacity 8537K, committed 8704K, reserved 1056768K
  class space    used 690K, capacity 753K, committed 768K, reserved 1048576K
}

